\BOOKMARK [0][-]{chapter.1}{\376\377\000C\000l\000a\000s\000s\000\040\000I\000n\000d\000e\000x}{}
\BOOKMARK [1][-]{section.1.1}{\376\377\000C\000l\000a\000s\000s\000\040\000L\000i\000s\000t}{chapter.1}
\BOOKMARK [0][-]{chapter.2}{\376\377\000F\000i\000l\000e\000\040\000I\000n\000d\000e\000x}{}
\BOOKMARK [1][-]{section.2.1}{\376\377\000F\000i\000l\000e\000\040\000L\000i\000s\000t}{chapter.2}
\BOOKMARK [0][-]{chapter.3}{\376\377\000C\000l\000a\000s\000s\000\040\000D\000o\000c\000u\000m\000e\000n\000t\000a\000t\000i\000o\000n}{}
\BOOKMARK [1][-]{section.3.1}{\376\377\000B\000e\000n\000c\000h\000\040\000C\000l\000a\000s\000s\000\040\000R\000e\000f\000e\000r\000e\000n\000c\000e}{chapter.3}
\BOOKMARK [2][-]{subsection.3.1.1}{\376\377\000M\000e\000m\000b\000e\000r\000\040\000F\000u\000n\000c\000t\000i\000o\000n\000\040\000D\000o\000c\000u\000m\000e\000n\000t\000a\000t\000i\000o\000n}{section.3.1}
\BOOKMARK [3][-]{subsubsection.3.1.1.1}{\376\377\000C\000o\000s\000t\000\137\000I\000f\000\137\000S\000w\000a\000p}{subsection.3.1.1}
\BOOKMARK [3][-]{subsubsection.3.1.1.2}{\376\377\000C\000o\000s\000t\000\137\000O\000n\000\137\000V\000a\000r\000i\000a\000b\000l\000e}{subsection.3.1.1}
\BOOKMARK [3][-]{subsubsection.3.1.1.3}{\376\377\000D\000i\000s\000p\000l\000a\000y\000\137\000S\000o\000l\000u\000t\000i\000o\000n}{subsection.3.1.1}
\BOOKMARK [3][-]{subsubsection.3.1.1.4}{\376\377\000E\000x\000e\000c\000u\000t\000e\000d\000\137\000S\000w\000a\000p}{subsection.3.1.1}
\BOOKMARK [3][-]{subsubsection.3.1.1.5}{\376\377\000N\000e\000x\000t\000\137\000I}{subsection.3.1.1}
\BOOKMARK [3][-]{subsubsection.3.1.1.6}{\376\377\000N\000e\000x\000t\000\137\000J}{subsection.3.1.1}
\BOOKMARK [3][-]{subsubsection.3.1.1.7}{\376\377\000R\000e\000s\000e\000t}{subsection.3.1.1}
\BOOKMARK [1][-]{section.3.2}{\376\377\000M\000a\000g\000i\000c\000S\000q\000u\000a\000r\000e\000\040\000C\000l\000a\000s\000s\000\040\000R\000e\000f\000e\000r\000e\000n\000c\000e}{chapter.3}
\BOOKMARK [2][-]{subsection.3.2.1}{\376\377\000M\000e\000m\000b\000e\000r\000\040\000F\000u\000n\000c\000t\000i\000o\000n\000\040\000D\000o\000c\000u\000m\000e\000n\000t\000a\000t\000i\000o\000n}{section.3.2}
\BOOKMARK [3][-]{subsubsection.3.2.1.1}{\376\377\000C\000h\000e\000c\000k\000\137\000S\000o\000l\000u\000t\000i\000o\000n}{subsection.3.2.1}
\BOOKMARK [3][-]{subsubsection.3.2.1.2}{\376\377\000C\000o\000s\000t\000\137\000I\000f\000\137\000S\000w\000a\000p}{subsection.3.2.1}
\BOOKMARK [3][-]{subsubsection.3.2.1.3}{\376\377\000C\000o\000s\000t\000\137\000O\000f\000\137\000S\000o\000l\000u\000t\000i\000o\000n}{subsection.3.2.1}
\BOOKMARK [3][-]{subsubsection.3.2.1.4}{\376\377\000C\000o\000s\000t\000\137\000O\000n\000\137\000V\000a\000r\000i\000a\000b\000l\000e}{subsection.3.2.1}
\BOOKMARK [3][-]{subsubsection.3.2.1.5}{\376\377\000E\000x\000e\000c\000u\000t\000e\000d\000\137\000S\000w\000a\000p}{subsection.3.2.1}
\BOOKMARK [3][-]{subsubsection.3.2.1.6}{\376\377\000I\000n\000i\000t\000\137\000P\000a\000r\000a\000m\000e\000t\000e\000r\000s}{subsection.3.2.1}
\BOOKMARK [3][-]{subsubsection.3.2.1.7}{\376\377\000S\000o\000l\000v\000e}{subsection.3.2.1}
\BOOKMARK [1][-]{section.3.3}{\376\377\000M\000a\000g\000i\000c\000S\000q\000u\000a\000r\000e\000:\000:\000X\000R\000e\000f\000\040\000S\000t\000r\000u\000c\000t\000\040\000R\000e\000f\000e\000r\000e\000n\000c\000e}{chapter.3}
\BOOKMARK [0][-]{chapter.4}{\376\377\000F\000i\000l\000e\000\040\000D\000o\000c\000u\000m\000e\000n\000t\000a\000t\000i\000o\000n}{}
\BOOKMARK [1][-]{section.4.1}{\376\377\000b\000e\000n\000c\000h\000.\000c\000p\000p\000\040\000F\000i\000l\000e\000\040\000R\000e\000f\000e\000r\000e\000n\000c\000e}{chapter.4}
\BOOKMARK [2][-]{subsection.4.1.1}{\376\377\000D\000e\000t\000a\000i\000l\000e\000d\000\040\000D\000e\000s\000c\000r\000i\000p\000t\000i\000o\000n}{section.4.1}
\BOOKMARK [1][-]{section.4.2}{\376\377\000b\000e\000n\000c\000h\000.\000h\000\040\000F\000i\000l\000e\000\040\000R\000e\000f\000e\000r\000e\000n\000c\000e}{chapter.4}
\BOOKMARK [2][-]{subsection.4.2.1}{\376\377\000D\000e\000t\000a\000i\000l\000e\000d\000\040\000D\000e\000s\000c\000r\000i\000p\000t\000i\000o\000n}{section.4.2}
\BOOKMARK [1][-]{section.4.3}{\376\377\000m\000a\000g\000i\000c\000\137\000s\000q\000u\000a\000r\000e\000.\000c\000p\000p\000\040\000F\000i\000l\000e\000\040\000R\000e\000f\000e\000r\000e\000n\000c\000e}{chapter.4}
\BOOKMARK [2][-]{subsection.4.3.1}{\376\377\000D\000e\000t\000a\000i\000l\000e\000d\000\040\000D\000e\000s\000c\000r\000i\000p\000t\000i\000o\000n}{section.4.3}
\BOOKMARK [1][-]{section.4.4}{\376\377\000m\000a\000g\000i\000c\000\137\000s\000q\000u\000a\000r\000e\000.\000h\000\040\000F\000i\000l\000e\000\040\000R\000e\000f\000e\000r\000e\000n\000c\000e}{chapter.4}
\BOOKMARK [2][-]{subsection.4.4.1}{\376\377\000D\000e\000t\000a\000i\000l\000e\000d\000\040\000D\000e\000s\000c\000r\000i\000p\000t\000i\000o\000n}{section.4.4}
